Determining if the pthread_create exist failed with the following output:
Change Dir: /home/smith/src/c/boost/calc_srv/build/CMakeFiles/CMakeTmp

Run Build Command:/usr/bin/gmake "cmTryCompileExec2115248418/fast"
/usr/bin/gmake -f CMakeFiles/cmTryCompileExec2115248418.dir/build.make CMakeFiles/cmTryCompileExec2115248418.dir/build
gmake[1]: Entering directory `/home/smith/src/c/boost/calc_srv/build/CMakeFiles/CMakeTmp'
/usr/bin/cmake -E cmake_progress_report /home/smith/src/c/boost/calc_srv/build/CMakeFiles/CMakeTmp/CMakeFiles 1
Building C object CMakeFiles/cmTryCompileExec2115248418.dir/CheckSymbolExists.c.o
/usr/bin/cc    -o CMakeFiles/cmTryCompileExec2115248418.dir/CheckSymbolExists.c.o   -c /home/smith/src/c/boost/calc_srv/build/CMakeFiles/CMakeTmp/CheckSymbolExists.c
Linking C executable cmTryCompileExec2115248418
/usr/bin/cmake -E cmake_link_script CMakeFiles/cmTryCompileExec2115248418.dir/link.txt --verbose=1
/usr/bin/cc       CMakeFiles/cmTryCompileExec2115248418.dir/CheckSymbolExists.c.o  -o cmTryCompileExec2115248418 -rdynamic 
CMakeFiles/cmTryCompileExec2115248418.dir/CheckSymbolExists.c.o: In function `main':
CheckSymbolExists.c:(.text+0xc): undefined reference to `pthread_create'
collect2: ld returned 1 exit status
gmake[1]: Leaving directory `/home/smith/src/c/boost/calc_srv/build/CMakeFiles/CMakeTmp'
gmake[1]: *** [cmTryCompileExec2115248418] Error 1
gmake: *** [cmTryCompileExec2115248418/fast] Error 2

File /home/smith/src/c/boost/calc_srv/build/CMakeFiles/CMakeTmp/CheckSymbolExists.c:
/* */
#include <pthread.h>

int main(int argc, char** argv)
{
  (void)argv;
#ifndef pthread_create
  return ((int*)(&pthread_create))[argc];
#else
  (void)argc;
  return 0;
#endif
}

Determining if the function pthread_create exists in the pthreads failed with the following output:
Change Dir: /home/smith/src/c/boost/calc_srv/build/CMakeFiles/CMakeTmp

Run Build Command:/usr/bin/gmake "cmTryCompileExec3833584046/fast"
/usr/bin/gmake -f CMakeFiles/cmTryCompileExec3833584046.dir/build.make CMakeFiles/cmTryCompileExec3833584046.dir/build
gmake[1]: Entering directory `/home/smith/src/c/boost/calc_srv/build/CMakeFiles/CMakeTmp'
/usr/bin/cmake -E cmake_progress_report /home/smith/src/c/boost/calc_srv/build/CMakeFiles/CMakeTmp/CMakeFiles 1
Building C object CMakeFiles/cmTryCompileExec3833584046.dir/CheckFunctionExists.c.o
/usr/bin/cc   -DCHECK_FUNCTION_EXISTS=pthread_create   -o CMakeFiles/cmTryCompileExec3833584046.dir/CheckFunctionExists.c.o   -c /usr/share/cmake/Modules/CheckFunctionExists.c
Linking C executable cmTryCompileExec3833584046
/usr/bin/cmake -E cmake_link_script CMakeFiles/cmTryCompileExec3833584046.dir/link.txt --verbose=1
/usr/bin/cc   -DCHECK_FUNCTION_EXISTS=pthread_create    CMakeFiles/cmTryCompileExec3833584046.dir/CheckFunctionExists.c.o  -o cmTryCompileExec3833584046 -rdynamic -lpthreads 
/usr/bin/ld: cannot find -lpthreads
collect2: ld returned 1 exit status
gmake[1]: Leaving directory `/home/smith/src/c/boost/calc_srv/build/CMakeFiles/CMakeTmp'
gmake[1]: *** [cmTryCompileExec3833584046] Error 1
gmake: *** [cmTryCompileExec3833584046/fast] Error 2


